<?xml version="1.0" encoding="utf-8"?><testsuites name="pytest tests"><testsuite name="pytest" errors="0" failures="0" skipped="0" tests="9" time="0.845" timestamp="2026-05-09T04:15:11.849889+00:00" hostname="agent-env-4b690eb4-1da0-45b1-8597-830296ea5ad6"><testcase classname="backend.tests.test_cloudscore_api.TestRoot" name="test_root_status" time="0.179" /><testcase classname="backend.tests.test_cloudscore_api.TestStats" name="test_stats_payload" time="0.049" /><testcase classname="backend.tests.test_cloudscore_api.TestDemoRequests" name="test_create_minimal_valid" time="0.053" /><testcase classname="backend.tests.test_cloudscore_api.TestDemoRequests" name="test_create_full_payload" time="0.047" /><testcase classname="backend.tests.test_cloudscore_api.TestDemoRequests" name="test_invalid_email_returns_422" time="0.048" /><testcase classname="backend.tests.test_cloudscore_api.TestDemoRequests" name="test_missing_name_returns_422" time="0.046" /><testcase classname="backend.tests.test_cloudscore_api.TestDemoRequests" name="test_missing_email_returns_422" time="0.047" /><testcase classname="backend.tests.test_cloudscore_api.TestDemoRequests" name="test_empty_name_returns_422" time="0.046" /><testcase classname="backend.tests.test_cloudscore_api.TestDemoRequests" name="test_list_demo_requests" time="0.096" /></testsuite></testsuites>